<?xml version="1.0" encoding="UTF-8"?>
<!-- Generated by org.testng.reporters.JUnitReportReporter -->
<testsuite hostname="DESKTOP-6DKNH69" failures="0" tests="1" name="Runner.Runnerclass" time="10.587" errors="0" timestamp="2025-07-15T09:54:15 IST" skipped="0">
  <testcase classname="Runner.Runnerclass" name="runScenario" time="10.587"/>
  <system-out/>
</testsuite> <!-- Runner.Runnerclass -->
